2020-07-19T07:58:07+00:00 CRITICAL Uncaught Error: Call to undefined function wpb_set_post_views() in /home/kusanagi/h.failoverhosting.com.vn/DocumentRoot/wp-content/themes/doanhnghiep/single.php:17
Stack trace:
#0 /home/kusanagi/h.failoverhosting.com.vn/DocumentRoot/wp-includes/template-loader.php(78): include()
#1 /home/kusanagi/h.failoverhosting.com.vn/DocumentRoot/wp-blog-header.php(19): require_once('/home/kusanagi/...')
#2 /home/kusanagi/h.failoverhosting.com.vn/DocumentRoot/index.php(17): require('/home/kusanagi/...')
#3 {main}
  thrown in /home/kusanagi/h.failoverhosting.com.vn/DocumentRoot/wp-content/themes/doanhnghiep/single.php on line 17

2020-07-19T07:59:16+00:00 CRITICAL Uncaught Error: Call to undefined function wpb_set_post_views() in /home/kusanagi/h.failoverhosting.com.vn/DocumentRoot/wp-content/themes/doanhnghiep/single.php:17
Stack trace:
#0 /home/kusanagi/h.failoverhosting.com.vn/DocumentRoot/wp-includes/template-loader.php(78): include()
#1 /home/kusanagi/h.failoverhosting.com.vn/DocumentRoot/wp-blog-header.php(19): require_once('/home/kusanagi/...')
#2 /home/kusanagi/h.failoverhosting.com.vn/DocumentRoot/index.php(17): require('/home/kusanagi/...')
#3 {main}
  thrown in /home/kusanagi/h.failoverhosting.com.vn/DocumentRoot/wp-content/themes/doanhnghiep/single.php on line 17

2020-07-19T08:15:44+00:00 CRITICAL syntax error, unexpected end of file, expecting elseif (T_ELSEIF) or else (T_ELSE) or endif (T_ENDIF) in /home/kusanagi/h.failoverhosting.com.vn/DocumentRoot/wp-content/themes/doanhnghiep/archive.php on line 69

2020-07-19T08:17:36+00:00 CRITICAL syntax error, unexpected end of file, expecting elseif (T_ELSEIF) or else (T_ELSE) or endif (T_ENDIF) in /home/kusanagi/h.failoverhosting.com.vn/DocumentRoot/wp-content/themes/doanhnghiep/archive.php on line 68

2020-07-19T08:22:59+00:00 CRITICAL syntax error, unexpected end of file, expecting elseif (T_ELSEIF) or else (T_ELSE) or endif (T_ENDIF) in /home/kusanagi/h.failoverhosting.com.vn/DocumentRoot/wp-content/themes/doanhnghiep/archive.php on line 84

2020-07-19T08:25:50+00:00 CRITICAL syntax error, unexpected end of file, expecting elseif (T_ELSEIF) or else (T_ELSE) or endif (T_ENDIF) in /home/kusanagi/h.failoverhosting.com.vn/DocumentRoot/wp-content/themes/doanhnghiep/archive.php on line 50

2020-07-19T08:27:55+00:00 CRITICAL syntax error, unexpected end of file, expecting elseif (T_ELSEIF) or else (T_ELSE) or endif (T_ENDIF) in /home/kusanagi/h.failoverhosting.com.vn/DocumentRoot/wp-content/themes/doanhnghiep/archive.php on line 50

2020-07-19T09:05:37+00:00 CRITICAL Uncaught Error: Call to undefined function wpb_set_post_views() in /home/kusanagi/h.failoverhosting.com.vn/DocumentRoot/wp-content/themes/doanhnghiep/single.php:17
Stack trace:
#0 /home/kusanagi/h.failoverhosting.com.vn/DocumentRoot/wp-includes/template-loader.php(78): include()
#1 /home/kusanagi/h.failoverhosting.com.vn/DocumentRoot/wp-blog-header.php(19): require_once('/home/kusanagi/...')
#2 /home/kusanagi/h.failoverhosting.com.vn/DocumentRoot/index.php(17): require('/home/kusanagi/...')
#3 {main}
  thrown in /home/kusanagi/h.failoverhosting.com.vn/DocumentRoot/wp-content/themes/doanhnghiep/single.php on line 17

2020-07-19T09:18:28+00:00 CRITICAL Uncaught Error: Call to undefined function wpb_set_post_views() in /home/kusanagi/h.failoverhosting.com.vn/DocumentRoot/wp-content/themes/doanhnghiep/single.php:17
Stack trace:
#0 /home/kusanagi/h.failoverhosting.com.vn/DocumentRoot/wp-includes/template-loader.php(78): include()
#1 /home/kusanagi/h.failoverhosting.com.vn/DocumentRoot/wp-blog-header.php(19): require_once('/home/kusanagi/...')
#2 /home/kusanagi/h.failoverhosting.com.vn/DocumentRoot/index.php(17): require('/home/kusanagi/...')
#3 {main}
  thrown in /home/kusanagi/h.failoverhosting.com.vn/DocumentRoot/wp-content/themes/doanhnghiep/single.php on line 17

2020-07-19T09:18:30+00:00 CRITICAL Uncaught Error: Call to undefined function wpb_set_post_views() in /home/kusanagi/h.failoverhosting.com.vn/DocumentRoot/wp-content/themes/doanhnghiep/single.php:17
Stack trace:
#0 /home/kusanagi/h.failoverhosting.com.vn/DocumentRoot/wp-includes/template-loader.php(78): include()
#1 /home/kusanagi/h.failoverhosting.com.vn/DocumentRoot/wp-blog-header.php(19): require_once('/home/kusanagi/...')
#2 /home/kusanagi/h.failoverhosting.com.vn/DocumentRoot/index.php(17): require('/home/kusanagi/...')
#3 {main}
  thrown in /home/kusanagi/h.failoverhosting.com.vn/DocumentRoot/wp-content/themes/doanhnghiep/single.php on line 17

2020-07-19T11:21:45+00:00 CRITICAL Uncaught Error: Call to undefined function wpb_set_post_views() in /home/kusanagi/h.failoverhosting.com.vn/DocumentRoot/wp-content/themes/doanhnghiep/single.php:17
Stack trace:
#0 /home/kusanagi/h.failoverhosting.com.vn/DocumentRoot/wp-includes/template-loader.php(78): include()
#1 /home/kusanagi/h.failoverhosting.com.vn/DocumentRoot/wp-blog-header.php(19): require_once('/home/kusanagi/...')
#2 /home/kusanagi/h.failoverhosting.com.vn/DocumentRoot/index.php(17): require('/home/kusanagi/...')
#3 {main}
  thrown in /home/kusanagi/h.failoverhosting.com.vn/DocumentRoot/wp-content/themes/doanhnghiep/single.php on line 17

2020-07-19T14:04:23+00:00 CRITICAL Uncaught Error: Call to undefined function wpb_get_post_views() in /home/kusanagi/h.failoverhosting.com.vn/DocumentRoot/wp-content/themes/doanhnghiep/single.php:27
Stack trace:
#0 /home/kusanagi/h.failoverhosting.com.vn/DocumentRoot/wp-includes/template-loader.php(78): include()
#1 /home/kusanagi/h.failoverhosting.com.vn/DocumentRoot/wp-blog-header.php(19): require_once('/home/kusanagi/...')
#2 /home/kusanagi/h.failoverhosting.com.vn/DocumentRoot/index.php(17): require('/home/kusanagi/...')
#3 {main}
  thrown in /home/kusanagi/h.failoverhosting.com.vn/DocumentRoot/wp-content/themes/doanhnghiep/single.php on line 27

