2020-07-18T09:13:10+00:00 CRITICAL Uncaught Error: Call to undefined function wpb_set_post_views() in /home/kusanagi/h.failoverhosting.com.vn/DocumentRoot/wp-content/themes/doanhnghiep/single.php:17
Stack trace:
#0 /home/kusanagi/h.failoverhosting.com.vn/DocumentRoot/wp-includes/template-loader.php(78): include()
#1 /home/kusanagi/h.failoverhosting.com.vn/DocumentRoot/wp-blog-header.php(19): require_once('/home/kusanagi/...')
#2 /home/kusanagi/h.failoverhosting.com.vn/DocumentRoot/index.php(17): require('/home/kusanagi/...')
#3 {main}
  thrown in /home/kusanagi/h.failoverhosting.com.vn/DocumentRoot/wp-content/themes/doanhnghiep/single.php on line 17

2020-07-18T09:25:29+00:00 CRITICAL Uncaught Error: Call to undefined function wpb_set_post_views() in /home/kusanagi/h.failoverhosting.com.vn/DocumentRoot/wp-content/themes/doanhnghiep/single.php:17
Stack trace:
#0 /home/kusanagi/h.failoverhosting.com.vn/DocumentRoot/wp-includes/template-loader.php(78): include()
#1 /home/kusanagi/h.failoverhosting.com.vn/DocumentRoot/wp-blog-header.php(19): require_once('/home/kusanagi/...')
#2 /home/kusanagi/h.failoverhosting.com.vn/DocumentRoot/index.php(17): require('/home/kusanagi/...')
#3 {main}
  thrown in /home/kusanagi/h.failoverhosting.com.vn/DocumentRoot/wp-content/themes/doanhnghiep/single.php on line 17

2020-07-18T09:26:37+00:00 CRITICAL Uncaught Error: Call to undefined function wpb_set_post_views() in /home/kusanagi/h.failoverhosting.com.vn/DocumentRoot/wp-content/themes/doanhnghiep/single.php:17
Stack trace:
#0 /home/kusanagi/h.failoverhosting.com.vn/DocumentRoot/wp-includes/template-loader.php(78): include()
#1 /home/kusanagi/h.failoverhosting.com.vn/DocumentRoot/wp-blog-header.php(19): require_once('/home/kusanagi/...')
#2 /home/kusanagi/h.failoverhosting.com.vn/DocumentRoot/index.php(17): require('/home/kusanagi/...')
#3 {main}
  thrown in /home/kusanagi/h.failoverhosting.com.vn/DocumentRoot/wp-content/themes/doanhnghiep/single.php on line 17

